<?xml version="1.0" encoding="UTF-8"?>
<testsuite xmlns:xsi="http://www.w3.org/2001/XMLSchema-instance" xsi:noNamespaceSchemaLocation="https://maven.apache.org/surefire/maven-surefire-plugin/xsd/surefire-test-report.xsd" name="com.info6350.openmic.OpenmicApplicationTests" time="4.692" tests="1" errors="0" skipped="0" failures="0">
  <properties>
    <property name="java.specification.version" value="17"/>
    <property name="sun.jnu.encoding" value="UTF-8"/>
    <property name="java.class.path" value="/Users/rikinparekh/Desktop/NEU/INFO6350/MIC-IOS-Final-Project/backend/target/test-classes:/Users/rikinparekh/Desktop/NEU/INFO6350/MIC-IOS-Final-Project/backend/target/classes:/Users/rikinparekh/.m2/repository/org/springframework/boot/spring-boot-starter-data-redis/3.0.5/spring-boot-starter-data-redis-3.0.5.jar:/Users/rikinparekh/.m2/repository/org/springframework/boot/spring-boot-starter/3.0.5/spring-boot-starter-3.0.5.jar:/Users/rikinparekh/.m2/repository/org/springframework/boot/spring-boot/3.0.5/spring-boot-3.0.5.jar:/Users/rikinparekh/.m2/repository/org/springframework/boot/spring-boot-autoconfigure/3.0.5/spring-boot-autoconfigure-3.0.5.jar:/Users/rikinparekh/.m2/repository/org/springframework/boot/spring-boot-starter-logging/3.0.5/spring-boot-starter-logging-3.0.5.jar:/Users/rikinparekh/.m2/repository/ch/qos/logback/logback-classic/1.4.6/logback-classic-1.4.6.jar:/Users/rikinparekh/.m2/repository/ch/qos/logback/logback-core/1.4.6/logback-core-1.4.6.jar:/Users/rikinparekh/.m2/repository/org/apache/logging/log4j/log4j-to-slf4j/2.19.0/log4j-to-slf4j-2.19.0.jar:/Users/rikinparekh/.m2/repository/org/apache/logging/log4j/log4j-api/2.19.0/log4j-api-2.19.0.jar:/Users/rikinparekh/.m2/repository/org/slf4j/jul-to-slf4j/2.0.7/jul-to-slf4j-2.0.7.jar:/Users/rikinparekh/.m2/repository/jakarta/annotation/jakarta.annotation-api/2.1.1/jakarta.annotation-api-2.1.1.jar:/Users/rikinparekh/.m2/repository/org/yaml/snakeyaml/1.33/snakeyaml-1.33.jar:/Users/rikinparekh/.m2/repository/org/springframework/data/spring-data-redis/3.0.4/spring-data-redis-3.0.4.jar:/Users/rikinparekh/.m2/repository/org/springframework/data/spring-data-keyvalue/3.0.4/spring-data-keyvalue-3.0.4.jar:/Users/rikinparekh/.m2/repository/org/springframework/data/spring-data-commons/3.0.4/spring-data-commons-3.0.4.jar:/Users/rikinparekh/.m2/repository/org/springframework/spring-tx/6.0.7/spring-tx-6.0.7.jar:/Users/rikinparekh/.m2/repository/org/springframework/spring-oxm/6.0.7/spring-oxm-6.0.7.jar:/Users/rikinparekh/.m2/repository/org/springframework/spring-aop/6.0.7/spring-aop-6.0.7.jar:/Users/rikinparekh/.m2/repository/org/springframework/spring-context-support/6.0.7/spring-context-support-6.0.7.jar:/Users/rikinparekh/.m2/repository/io/lettuce/lettuce-core/6.2.3.RELEASE/lettuce-core-6.2.3.RELEASE.jar:/Users/rikinparekh/.m2/repository/io/netty/netty-common/4.1.90.Final/netty-common-4.1.90.Final.jar:/Users/rikinparekh/.m2/repository/io/projectreactor/reactor-core/3.5.4/reactor-core-3.5.4.jar:/Users/rikinparekh/.m2/repository/org/reactivestreams/reactive-streams/1.0.4/reactive-streams-1.0.4.jar:/Users/rikinparekh/.m2/repository/org/springframework/boot/spring-boot-starter-oauth2-resource-server/3.0.5/spring-boot-starter-oauth2-resource-server-3.0.5.jar:/Users/rikinparekh/.m2/repository/org/springframework/security/spring-security-config/6.0.2/spring-security-config-6.0.2.jar:/Users/rikinparekh/.m2/repository/org/springframework/spring-beans/6.0.7/spring-beans-6.0.7.jar:/Users/rikinparekh/.m2/repository/org/springframework/spring-context/6.0.7/spring-context-6.0.7.jar:/Users/rikinparekh/.m2/repository/org/springframework/security/spring-security-core/6.0.2/spring-security-core-6.0.2.jar:/Users/rikinparekh/.m2/repository/org/springframework/security/spring-security-crypto/6.0.2/spring-security-crypto-6.0.2.jar:/Users/rikinparekh/.m2/repository/org/springframework/spring-expression/6.0.7/spring-expression-6.0.7.jar:/Users/rikinparekh/.m2/repository/io/micrometer/micrometer-observation/1.10.5/micrometer-observation-1.10.5.jar:/Users/rikinparekh/.m2/repository/io/micrometer/micrometer-commons/1.10.5/micrometer-commons-1.10.5.jar:/Users/rikinparekh/.m2/repository/org/springframework/security/spring-security-oauth2-resource-server/6.0.2/spring-security-oauth2-resource-server-6.0.2.jar:/Users/rikinparekh/.m2/repository/org/springframework/security/spring-security-oauth2-core/6.0.2/spring-security-oauth2-core-6.0.2.jar:/Users/rikinparekh/.m2/repository/org/springframework/security/spring-security-web/6.0.2/spring-security-web-6.0.2.jar:/Users/rikinparekh/.m2/repository/org/springframework/security/spring-security-oauth2-jose/6.0.2/spring-security-oauth2-jose-6.0.2.jar:/Users/rikinparekh/.m2/repository/com/nimbusds/nimbus-jose-jwt/9.24.4/nimbus-jose-jwt-9.24.4.jar:/Users/rikinparekh/.m2/repository/com/github/stephenc/jcip/jcip-annotations/1.0-1/jcip-annotations-1.0-1.jar:/Users/rikinparekh/.m2/repository/org/springframework/boot/spring-boot-starter-web/3.0.5/spring-boot-starter-web-3.0.5.jar:/Users/rikinparekh/.m2/repository/org/springframework/boot/spring-boot-starter-json/3.0.5/spring-boot-starter-json-3.0.5.jar:/Users/rikinparekh/.m2/repository/com/fasterxml/jackson/core/jackson-databind/2.14.2/jackson-databind-2.14.2.jar:/Users/rikinparekh/.m2/repository/com/fasterxml/jackson/core/jackson-annotations/2.14.2/jackson-annotations-2.14.2.jar:/Users/rikinparekh/.m2/repository/com/fasterxml/jackson/core/jackson-core/2.14.2/jackson-core-2.14.2.jar:/Users/rikinparekh/.m2/repository/com/fasterxml/jackson/datatype/jackson-datatype-jdk8/2.14.2/jackson-datatype-jdk8-2.14.2.jar:/Users/rikinparekh/.m2/repository/com/fasterxml/jackson/datatype/jackson-datatype-jsr310/2.14.2/jackson-datatype-jsr310-2.14.2.jar:/Users/rikinparekh/.m2/repository/com/fasterxml/jackson/module/jackson-module-parameter-names/2.14.2/jackson-module-parameter-names-2.14.2.jar:/Users/rikinparekh/.m2/repository/org/springframework/boot/spring-boot-starter-tomcat/3.0.5/spring-boot-starter-tomcat-3.0.5.jar:/Users/rikinparekh/.m2/repository/org/apache/tomcat/embed/tomcat-embed-core/10.1.7/tomcat-embed-core-10.1.7.jar:/Users/rikinparekh/.m2/repository/org/apache/tomcat/embed/tomcat-embed-el/10.1.7/tomcat-embed-el-10.1.7.jar:/Users/rikinparekh/.m2/repository/org/apache/tomcat/embed/tomcat-embed-websocket/10.1.7/tomcat-embed-websocket-10.1.7.jar:/Users/rikinparekh/.m2/repository/org/springframework/spring-web/6.0.7/spring-web-6.0.7.jar:/Users/rikinparekh/.m2/repository/org/springframework/spring-webmvc/6.0.7/spring-webmvc-6.0.7.jar:/Users/rikinparekh/.m2/repository/org/springframework/boot/spring-boot-starter-test/3.0.5/spring-boot-starter-test-3.0.5.jar:/Users/rikinparekh/.m2/repository/org/springframework/boot/spring-boot-test/3.0.5/spring-boot-test-3.0.5.jar:/Users/rikinparekh/.m2/repository/org/springframework/boot/spring-boot-test-autoconfigure/3.0.5/spring-boot-test-autoconfigure-3.0.5.jar:/Users/rikinparekh/.m2/repository/com/jayway/jsonpath/json-path/2.7.0/json-path-2.7.0.jar:/Users/rikinparekh/.m2/repository/net/minidev/json-smart/2.4.10/json-smart-2.4.10.jar:/Users/rikinparekh/.m2/repository/net/minidev/accessors-smart/2.4.9/accessors-smart-2.4.9.jar:/Users/rikinparekh/.m2/repository/org/ow2/asm/asm/9.3/asm-9.3.jar:/Users/rikinparekh/.m2/repository/jakarta/xml/bind/jakarta.xml.bind-api/4.0.0/jakarta.xml.bind-api-4.0.0.jar:/Users/rikinparekh/.m2/repository/jakarta/activation/jakarta.activation-api/2.1.1/jakarta.activation-api-2.1.1.jar:/Users/rikinparekh/.m2/repository/org/assertj/assertj-core/3.23.1/assertj-core-3.23.1.jar:/Users/rikinparekh/.m2/repository/net/bytebuddy/byte-buddy/1.12.23/byte-buddy-1.12.23.jar:/Users/rikinparekh/.m2/repository/org/hamcrest/hamcrest/2.2/hamcrest-2.2.jar:/Users/rikinparekh/.m2/repository/org/junit/jupiter/junit-jupiter/5.9.2/junit-jupiter-5.9.2.jar:/Users/rikinparekh/.m2/repository/org/junit/jupiter/junit-jupiter-api/5.9.2/junit-jupiter-api-5.9.2.jar:/Users/rikinparekh/.m2/repository/org/opentest4j/opentest4j/1.2.0/opentest4j-1.2.0.jar:/Users/rikinparekh/.m2/repository/org/junit/platform/junit-platform-commons/1.9.2/junit-platform-commons-1.9.2.jar:/Users/rikinparekh/.m2/repository/org/apiguardian/apiguardian-api/1.1.2/apiguardian-api-1.1.2.jar:/Users/rikinparekh/.m2/repository/org/junit/jupiter/junit-jupiter-params/5.9.2/junit-jupiter-params-5.9.2.jar:/Users/rikinparekh/.m2/repository/org/junit/jupiter/junit-jupiter-engine/5.9.2/junit-jupiter-engine-5.9.2.jar:/Users/rikinparekh/.m2/repository/org/junit/platform/junit-platform-engine/1.9.2/junit-platform-engine-1.9.2.jar:/Users/rikinparekh/.m2/repository/org/mockito/mockito-core/4.8.1/mockito-core-4.8.1.jar:/Users/rikinparekh/.m2/repository/net/bytebuddy/byte-buddy-agent/1.12.23/byte-buddy-agent-1.12.23.jar:/Users/rikinparekh/.m2/repository/org/objenesis/objenesis/3.2/objenesis-3.2.jar:/Users/rikinparekh/.m2/repository/org/mockito/mockito-junit-jupiter/4.8.1/mockito-junit-jupiter-4.8.1.jar:/Users/rikinparekh/.m2/repository/org/skyscreamer/jsonassert/1.5.1/jsonassert-1.5.1.jar:/Users/rikinparekh/.m2/repository/com/vaadin/external/google/android-json/0.0.20131108.vaadin1/android-json-0.0.20131108.vaadin1.jar:/Users/rikinparekh/.m2/repository/org/springframework/spring-core/6.0.7/spring-core-6.0.7.jar:/Users/rikinparekh/.m2/repository/org/springframework/spring-jcl/6.0.7/spring-jcl-6.0.7.jar:/Users/rikinparekh/.m2/repository/org/springframework/spring-test/6.0.7/spring-test-6.0.7.jar:/Users/rikinparekh/.m2/repository/org/xmlunit/xmlunit-core/2.9.1/xmlunit-core-2.9.1.jar:/Users/rikinparekh/.m2/repository/redis/clients/jedis/4.3.2/jedis-4.3.2.jar:/Users/rikinparekh/.m2/repository/org/slf4j/slf4j-api/2.0.7/slf4j-api-2.0.7.jar:/Users/rikinparekh/.m2/repository/org/apache/commons/commons-pool2/2.11.1/commons-pool2-2.11.1.jar:/Users/rikinparekh/.m2/repository/org/json/json/20220320/json-20220320.jar:/Users/rikinparekh/.m2/repository/com/google/code/gson/gson/2.9.1/gson-2.9.1.jar:/Users/rikinparekh/.m2/repository/com/google/firebase/firebase-admin/6.11.0/firebase-admin-6.11.0.jar:/Users/rikinparekh/.m2/repository/com/google/api-client/google-api-client/1.30.1/google-api-client-1.30.1.jar:/Users/rikinparekh/.m2/repository/com/google/oauth-client/google-oauth-client/1.30.1/google-oauth-client-1.30.1.jar:/Users/rikinparekh/.m2/repository/com/google/http-client/google-http-client-jackson2/1.30.1/google-http-client-jackson2-1.30.1.jar:/Users/rikinparekh/.m2/repository/com/google/api-client/google-api-client-gson/1.30.1/google-api-client-gson-1.30.1.jar:/Users/rikinparekh/.m2/repository/com/google/http-client/google-http-client-gson/1.30.1/google-http-client-gson-1.30.1.jar:/Users/rikinparekh/.m2/repository/com/google/http-client/google-http-client/1.30.1/google-http-client-1.30.1.jar:/Users/rikinparekh/.m2/repository/org/apache/httpcomponents/httpclient/4.5.14/httpclient-4.5.14.jar:/Users/rikinparekh/.m2/repository/org/apache/httpcomponents/httpcore/4.4.16/httpcore-4.4.16.jar:/Users/rikinparekh/.m2/repository/commons-codec/commons-codec/1.15/commons-codec-1.15.jar:/Users/rikinparekh/.m2/repository/com/google/code/findbugs/jsr305/3.0.2/jsr305-3.0.2.jar:/Users/rikinparekh/.m2/repository/com/google/j2objc/j2objc-annotations/1.3/j2objc-annotations-1.3.jar:/Users/rikinparekh/.m2/repository/io/opencensus/opencensus-api/0.21.0/opencensus-api-0.21.0.jar:/Users/rikinparekh/.m2/repository/io/grpc/grpc-context/1.19.0/grpc-context-1.19.0.jar:/Users/rikinparekh/.m2/repository/io/opencensus/opencensus-contrib-http-util/0.21.0/opencensus-contrib-http-util-0.21.0.jar:/Users/rikinparekh/.m2/repository/com/google/api/api-common/1.8.1/api-common-1.8.1.jar:/Users/rikinparekh/.m2/repository/javax/annotation/javax.annotation-api/1.3.2/javax.annotation-api-1.3.2.jar:/Users/rikinparekh/.m2/repository/com/google/auth/google-auth-library-oauth2-http/0.17.1/google-auth-library-oauth2-http-0.17.1.jar:/Users/rikinparekh/.m2/repository/com/google/auto/value/auto-value-annotations/1.6.6/auto-value-annotations-1.6.6.jar:/Users/rikinparekh/.m2/repository/com/google/auth/google-auth-library-credentials/0.17.1/google-auth-library-credentials-0.17.1.jar:/Users/rikinparekh/.m2/repository/com/google/cloud/google-cloud-storage/1.91.0/google-cloud-storage-1.91.0.jar:/Users/rikinparekh/.m2/repository/com/google/cloud/google-cloud-core-http/1.90.0/google-cloud-core-http-1.90.0.jar:/Users/rikinparekh/.m2/repository/com/google/cloud/google-cloud-core/1.90.0/google-cloud-core-1.90.0.jar:/Users/rikinparekh/.m2/repository/com/google/api/gax/1.48.1/gax-1.48.1.jar:/Users/rikinparekh/.m2/repository/com/google/protobuf/protobuf-java-util/3.9.1/protobuf-java-util-3.9.1.jar:/Users/rikinparekh/.m2/repository/com/google/errorprone/error_prone_annotations/2.3.2/error_prone_annotations-2.3.2.jar:/Users/rikinparekh/.m2/repository/com/google/api/grpc/proto-google-iam-v1/0.12.0/proto-google-iam-v1-0.12.0.jar:/Users/rikinparekh/.m2/repository/com/google/http-client/google-http-client-appengine/1.31.0/google-http-client-appengine-1.31.0.jar:/Users/rikinparekh/.m2/repository/com/google/api/gax-httpjson/0.65.1/gax-httpjson-0.65.1.jar:/Users/rikinparekh/.m2/repository/org/threeten/threetenbp/1.3.3/threetenbp-1.3.3.jar:/Users/rikinparekh/.m2/repository/com/google/apis/google-api-services-storage/v1-rev20190624-1.30.1/google-api-services-storage-v1-rev20190624-1.30.1.jar:/Users/rikinparekh/.m2/repository/com/google/cloud/google-cloud-firestore/1.21.0/google-cloud-firestore-1.21.0.jar:/Users/rikinparekh/.m2/repository/com/google/cloud/google-cloud-core-grpc/1.90.0/google-cloud-core-grpc-1.90.0.jar:/Users/rikinparekh/.m2/repository/com/google/api/gax-grpc/1.48.1/gax-grpc-1.48.1.jar:/Users/rikinparekh/.m2/repository/io/grpc/grpc-stub/1.23.0/grpc-stub-1.23.0.jar:/Users/rikinparekh/.m2/repository/io/grpc/grpc-api/1.23.0/grpc-api-1.23.0.jar:/Users/rikinparekh/.m2/repository/io/grpc/grpc-auth/1.23.0/grpc-auth-1.23.0.jar:/Users/rikinparekh/.m2/repository/io/grpc/grpc-protobuf/1.23.0/grpc-protobuf-1.23.0.jar:/Users/rikinparekh/.m2/repository/io/grpc/grpc-protobuf-lite/1.23.0/grpc-protobuf-lite-1.23.0.jar:/Users/rikinparekh/.m2/repository/io/grpc/grpc-netty-shaded/1.23.0/grpc-netty-shaded-1.23.0.jar:/Users/rikinparekh/.m2/repository/io/grpc/grpc-core/1.23.0/grpc-core-1.23.0.jar:/Users/rikinparekh/.m2/repository/com/google/android/annotations/4.1.1.4/annotations-4.1.1.4.jar:/Users/rikinparekh/.m2/repository/io/perfmark/perfmark-api/0.17.0/perfmark-api-0.17.0.jar:/Users/rikinparekh/.m2/repository/io/opencensus/opencensus-contrib-grpc-metrics/0.21.0/opencensus-contrib-grpc-metrics-0.21.0.jar:/Users/rikinparekh/.m2/repository/io/grpc/grpc-alts/1.23.0/grpc-alts-1.23.0.jar:/Users/rikinparekh/.m2/repository/io/grpc/grpc-grpclb/1.23.0/grpc-grpclb-1.23.0.jar:/Users/rikinparekh/.m2/repository/org/apache/commons/commons-lang3/3.12.0/commons-lang3-3.12.0.jar:/Users/rikinparekh/.m2/repository/com/google/api/grpc/proto-google-cloud-firestore-admin-v1/1.21.0/proto-google-cloud-firestore-admin-v1-1.21.0.jar:/Users/rikinparekh/.m2/repository/com/google/protobuf/protobuf-java/3.9.1/protobuf-java-3.9.1.jar:/Users/rikinparekh/.m2/repository/com/google/api/grpc/proto-google-common-protos/1.16.0/proto-google-common-protos-1.16.0.jar:/Users/rikinparekh/.m2/repository/com/google/api/grpc/proto-google-cloud-firestore-v1/1.21.0/proto-google-cloud-firestore-v1-1.21.0.jar:/Users/rikinparekh/.m2/repository/com/google/api/grpc/proto-google-cloud-firestore-v1beta1/0.74.0/proto-google-cloud-firestore-v1beta1-0.74.0.jar:/Users/rikinparekh/.m2/repository/io/opencensus/opencensus-contrib-grpc-util/0.23.0/opencensus-contrib-grpc-util-0.23.0.jar:/Users/rikinparekh/.m2/repository/com/google/guava/guava/26.0-android/guava-26.0-android.jar:/Users/rikinparekh/.m2/repository/org/checkerframework/checker-compat-qual/2.5.2/checker-compat-qual-2.5.2.jar:/Users/rikinparekh/.m2/repository/org/codehaus/mojo/animal-sniffer-annotations/1.14/animal-sniffer-annotations-1.14.jar:/Users/rikinparekh/.m2/repository/io/netty/netty-codec-http/4.1.90.Final/netty-codec-http-4.1.90.Final.jar:/Users/rikinparekh/.m2/repository/io/netty/netty-buffer/4.1.90.Final/netty-buffer-4.1.90.Final.jar:/Users/rikinparekh/.m2/repository/io/netty/netty-codec/4.1.90.Final/netty-codec-4.1.90.Final.jar:/Users/rikinparekh/.m2/repository/io/netty/netty-handler/4.1.90.Final/netty-handler-4.1.90.Final.jar:/Users/rikinparekh/.m2/repository/io/netty/netty-resolver/4.1.90.Final/netty-resolver-4.1.90.Final.jar:/Users/rikinparekh/.m2/repository/io/netty/netty-transport-native-unix-common/4.1.90.Final/netty-transport-native-unix-common-4.1.90.Final.jar:/Users/rikinparekh/.m2/repository/io/netty/netty-transport/4.1.90.Final/netty-transport-4.1.90.Final.jar:"/>
    <property name="java.vm.vendor" value="Amazon.com Inc."/>
    <property name="sun.arch.data.model" value="64"/>
    <property name="java.vendor.url" value="https://aws.amazon.com/corretto/"/>
    <property name="os.name" value="Mac OS X"/>
    <property name="java.vm.specification.version" value="17"/>
    <property name="sun.java.launcher" value="SUN_STANDARD"/>
    <property name="user.country" value="US"/>
    <property name="sun.boot.library.path" value="/Users/rikinparekh/.sdkman/candidates/java/17.0.6-amzn/lib"/>
    <property name="sun.java.command" value="/Users/rikinparekh/Desktop/NEU/INFO6350/MIC-IOS-Final-Project/backend/target/surefire/surefirebooter1931453108579915716.jar /Users/rikinparekh/Desktop/NEU/INFO6350/MIC-IOS-Final-Project/backend/target/surefire 2023-04-21T02-31-46_020-jvmRun1 surefire6335280270237537455tmp surefire_010791274533034330987tmp"/>
    <property name="http.nonProxyHosts" value="local|*.local|169.254/16|*.169.254/16"/>
    <property name="jdk.debug" value="release"/>
    <property name="surefire.test.class.path" value="/Users/rikinparekh/Desktop/NEU/INFO6350/MIC-IOS-Final-Project/backend/target/test-classes:/Users/rikinparekh/Desktop/NEU/INFO6350/MIC-IOS-Final-Project/backend/target/classes:/Users/rikinparekh/.m2/repository/org/springframework/boot/spring-boot-starter-data-redis/3.0.5/spring-boot-starter-data-redis-3.0.5.jar:/Users/rikinparekh/.m2/repository/org/springframework/boot/spring-boot-starter/3.0.5/spring-boot-starter-3.0.5.jar:/Users/rikinparekh/.m2/repository/org/springframework/boot/spring-boot/3.0.5/spring-boot-3.0.5.jar:/Users/rikinparekh/.m2/repository/org/springframework/boot/spring-boot-autoconfigure/3.0.5/spring-boot-autoconfigure-3.0.5.jar:/Users/rikinparekh/.m2/repository/org/springframework/boot/spring-boot-starter-logging/3.0.5/spring-boot-starter-logging-3.0.5.jar:/Users/rikinparekh/.m2/repository/ch/qos/logback/logback-classic/1.4.6/logback-classic-1.4.6.jar:/Users/rikinparekh/.m2/repository/ch/qos/logback/logback-core/1.4.6/logback-core-1.4.6.jar:/Users/rikinparekh/.m2/repository/org/apache/logging/log4j/log4j-to-slf4j/2.19.0/log4j-to-slf4j-2.19.0.jar:/Users/rikinparekh/.m2/repository/org/apache/logging/log4j/log4j-api/2.19.0/log4j-api-2.19.0.jar:/Users/rikinparekh/.m2/repository/org/slf4j/jul-to-slf4j/2.0.7/jul-to-slf4j-2.0.7.jar:/Users/rikinparekh/.m2/repository/jakarta/annotation/jakarta.annotation-api/2.1.1/jakarta.annotation-api-2.1.1.jar:/Users/rikinparekh/.m2/repository/org/yaml/snakeyaml/1.33/snakeyaml-1.33.jar:/Users/rikinparekh/.m2/repository/org/springframework/data/spring-data-redis/3.0.4/spring-data-redis-3.0.4.jar:/Users/rikinparekh/.m2/repository/org/springframework/data/spring-data-keyvalue/3.0.4/spring-data-keyvalue-3.0.4.jar:/Users/rikinparekh/.m2/repository/org/springframework/data/spring-data-commons/3.0.4/spring-data-commons-3.0.4.jar:/Users/rikinparekh/.m2/repository/org/springframework/spring-tx/6.0.7/spring-tx-6.0.7.jar:/Users/rikinparekh/.m2/repository/org/springframework/spring-oxm/6.0.7/spring-oxm-6.0.7.jar:/Users/rikinparekh/.m2/repository/org/springframework/spring-aop/6.0.7/spring-aop-6.0.7.jar:/Users/rikinparekh/.m2/repository/org/springframework/spring-context-support/6.0.7/spring-context-support-6.0.7.jar:/Users/rikinparekh/.m2/repository/io/lettuce/lettuce-core/6.2.3.RELEASE/lettuce-core-6.2.3.RELEASE.jar:/Users/rikinparekh/.m2/repository/io/netty/netty-common/4.1.90.Final/netty-common-4.1.90.Final.jar:/Users/rikinparekh/.m2/repository/io/projectreactor/reactor-core/3.5.4/reactor-core-3.5.4.jar:/Users/rikinparekh/.m2/repository/org/reactivestreams/reactive-streams/1.0.4/reactive-streams-1.0.4.jar:/Users/rikinparekh/.m2/repository/org/springframework/boot/spring-boot-starter-oauth2-resource-server/3.0.5/spring-boot-starter-oauth2-resource-server-3.0.5.jar:/Users/rikinparekh/.m2/repository/org/springframework/security/spring-security-config/6.0.2/spring-security-config-6.0.2.jar:/Users/rikinparekh/.m2/repository/org/springframework/spring-beans/6.0.7/spring-beans-6.0.7.jar:/Users/rikinparekh/.m2/repository/org/springframework/spring-context/6.0.7/spring-context-6.0.7.jar:/Users/rikinparekh/.m2/repository/org/springframework/security/spring-security-core/6.0.2/spring-security-core-6.0.2.jar:/Users/rikinparekh/.m2/repository/org/springframework/security/spring-security-crypto/6.0.2/spring-security-crypto-6.0.2.jar:/Users/rikinparekh/.m2/repository/org/springframework/spring-expression/6.0.7/spring-expression-6.0.7.jar:/Users/rikinparekh/.m2/repository/io/micrometer/micrometer-observation/1.10.5/micrometer-observation-1.10.5.jar:/Users/rikinparekh/.m2/repository/io/micrometer/micrometer-commons/1.10.5/micrometer-commons-1.10.5.jar:/Users/rikinparekh/.m2/repository/org/springframework/security/spring-security-oauth2-resource-server/6.0.2/spring-security-oauth2-resource-server-6.0.2.jar:/Users/rikinparekh/.m2/repository/org/springframework/security/spring-security-oauth2-core/6.0.2/spring-security-oauth2-core-6.0.2.jar:/Users/rikinparekh/.m2/repository/org/springframework/security/spring-security-web/6.0.2/spring-security-web-6.0.2.jar:/Users/rikinparekh/.m2/repository/org/springframework/security/spring-security-oauth2-jose/6.0.2/spring-security-oauth2-jose-6.0.2.jar:/Users/rikinparekh/.m2/repository/com/nimbusds/nimbus-jose-jwt/9.24.4/nimbus-jose-jwt-9.24.4.jar:/Users/rikinparekh/.m2/repository/com/github/stephenc/jcip/jcip-annotations/1.0-1/jcip-annotations-1.0-1.jar:/Users/rikinparekh/.m2/repository/org/springframework/boot/spring-boot-starter-web/3.0.5/spring-boot-starter-web-3.0.5.jar:/Users/rikinparekh/.m2/repository/org/springframework/boot/spring-boot-starter-json/3.0.5/spring-boot-starter-json-3.0.5.jar:/Users/rikinparekh/.m2/repository/com/fasterxml/jackson/core/jackson-databind/2.14.2/jackson-databind-2.14.2.jar:/Users/rikinparekh/.m2/repository/com/fasterxml/jackson/core/jackson-annotations/2.14.2/jackson-annotations-2.14.2.jar:/Users/rikinparekh/.m2/repository/com/fasterxml/jackson/core/jackson-core/2.14.2/jackson-core-2.14.2.jar:/Users/rikinparekh/.m2/repository/com/fasterxml/jackson/datatype/jackson-datatype-jdk8/2.14.2/jackson-datatype-jdk8-2.14.2.jar:/Users/rikinparekh/.m2/repository/com/fasterxml/jackson/datatype/jackson-datatype-jsr310/2.14.2/jackson-datatype-jsr310-2.14.2.jar:/Users/rikinparekh/.m2/repository/com/fasterxml/jackson/module/jackson-module-parameter-names/2.14.2/jackson-module-parameter-names-2.14.2.jar:/Users/rikinparekh/.m2/repository/org/springframework/boot/spring-boot-starter-tomcat/3.0.5/spring-boot-starter-tomcat-3.0.5.jar:/Users/rikinparekh/.m2/repository/org/apache/tomcat/embed/tomcat-embed-core/10.1.7/tomcat-embed-core-10.1.7.jar:/Users/rikinparekh/.m2/repository/org/apache/tomcat/embed/tomcat-embed-el/10.1.7/tomcat-embed-el-10.1.7.jar:/Users/rikinparekh/.m2/repository/org/apache/tomcat/embed/tomcat-embed-websocket/10.1.7/tomcat-embed-websocket-10.1.7.jar:/Users/rikinparekh/.m2/repository/org/springframework/spring-web/6.0.7/spring-web-6.0.7.jar:/Users/rikinparekh/.m2/repository/org/springframework/spring-webmvc/6.0.7/spring-webmvc-6.0.7.jar:/Users/rikinparekh/.m2/repository/org/springframework/boot/spring-boot-starter-test/3.0.5/spring-boot-starter-test-3.0.5.jar:/Users/rikinparekh/.m2/repository/org/springframework/boot/spring-boot-test/3.0.5/spring-boot-test-3.0.5.jar:/Users/rikinparekh/.m2/repository/org/springframework/boot/spring-boot-test-autoconfigure/3.0.5/spring-boot-test-autoconfigure-3.0.5.jar:/Users/rikinparekh/.m2/repository/com/jayway/jsonpath/json-path/2.7.0/json-path-2.7.0.jar:/Users/rikinparekh/.m2/repository/net/minidev/json-smart/2.4.10/json-smart-2.4.10.jar:/Users/rikinparekh/.m2/repository/net/minidev/accessors-smart/2.4.9/accessors-smart-2.4.9.jar:/Users/rikinparekh/.m2/repository/org/ow2/asm/asm/9.3/asm-9.3.jar:/Users/rikinparekh/.m2/repository/jakarta/xml/bind/jakarta.xml.bind-api/4.0.0/jakarta.xml.bind-api-4.0.0.jar:/Users/rikinparekh/.m2/repository/jakarta/activation/jakarta.activation-api/2.1.1/jakarta.activation-api-2.1.1.jar:/Users/rikinparekh/.m2/repository/org/assertj/assertj-core/3.23.1/assertj-core-3.23.1.jar:/Users/rikinparekh/.m2/repository/net/bytebuddy/byte-buddy/1.12.23/byte-buddy-1.12.23.jar:/Users/rikinparekh/.m2/repository/org/hamcrest/hamcrest/2.2/hamcrest-2.2.jar:/Users/rikinparekh/.m2/repository/org/junit/jupiter/junit-jupiter/5.9.2/junit-jupiter-5.9.2.jar:/Users/rikinparekh/.m2/repository/org/junit/jupiter/junit-jupiter-api/5.9.2/junit-jupiter-api-5.9.2.jar:/Users/rikinparekh/.m2/repository/org/opentest4j/opentest4j/1.2.0/opentest4j-1.2.0.jar:/Users/rikinparekh/.m2/repository/org/junit/platform/junit-platform-commons/1.9.2/junit-platform-commons-1.9.2.jar:/Users/rikinparekh/.m2/repository/org/apiguardian/apiguardian-api/1.1.2/apiguardian-api-1.1.2.jar:/Users/rikinparekh/.m2/repository/org/junit/jupiter/junit-jupiter-params/5.9.2/junit-jupiter-params-5.9.2.jar:/Users/rikinparekh/.m2/repository/org/junit/jupiter/junit-jupiter-engine/5.9.2/junit-jupiter-engine-5.9.2.jar:/Users/rikinparekh/.m2/repository/org/junit/platform/junit-platform-engine/1.9.2/junit-platform-engine-1.9.2.jar:/Users/rikinparekh/.m2/repository/org/mockito/mockito-core/4.8.1/mockito-core-4.8.1.jar:/Users/rikinparekh/.m2/repository/net/bytebuddy/byte-buddy-agent/1.12.23/byte-buddy-agent-1.12.23.jar:/Users/rikinparekh/.m2/repository/org/objenesis/objenesis/3.2/objenesis-3.2.jar:/Users/rikinparekh/.m2/repository/org/mockito/mockito-junit-jupiter/4.8.1/mockito-junit-jupiter-4.8.1.jar:/Users/rikinparekh/.m2/repository/org/skyscreamer/jsonassert/1.5.1/jsonassert-1.5.1.jar:/Users/rikinparekh/.m2/repository/com/vaadin/external/google/android-json/0.0.20131108.vaadin1/android-json-0.0.20131108.vaadin1.jar:/Users/rikinparekh/.m2/repository/org/springframework/spring-core/6.0.7/spring-core-6.0.7.jar:/Users/rikinparekh/.m2/repository/org/springframework/spring-jcl/6.0.7/spring-jcl-6.0.7.jar:/Users/rikinparekh/.m2/repository/org/springframework/spring-test/6.0.7/spring-test-6.0.7.jar:/Users/rikinparekh/.m2/repository/org/xmlunit/xmlunit-core/2.9.1/xmlunit-core-2.9.1.jar:/Users/rikinparekh/.m2/repository/redis/clients/jedis/4.3.2/jedis-4.3.2.jar:/Users/rikinparekh/.m2/repository/org/slf4j/slf4j-api/2.0.7/slf4j-api-2.0.7.jar:/Users/rikinparekh/.m2/repository/org/apache/commons/commons-pool2/2.11.1/commons-pool2-2.11.1.jar:/Users/rikinparekh/.m2/repository/org/json/json/20220320/json-20220320.jar:/Users/rikinparekh/.m2/repository/com/google/code/gson/gson/2.9.1/gson-2.9.1.jar:/Users/rikinparekh/.m2/repository/com/google/firebase/firebase-admin/6.11.0/firebase-admin-6.11.0.jar:/Users/rikinparekh/.m2/repository/com/google/api-client/google-api-client/1.30.1/google-api-client-1.30.1.jar:/Users/rikinparekh/.m2/repository/com/google/oauth-client/google-oauth-client/1.30.1/google-oauth-client-1.30.1.jar:/Users/rikinparekh/.m2/repository/com/google/http-client/google-http-client-jackson2/1.30.1/google-http-client-jackson2-1.30.1.jar:/Users/rikinparekh/.m2/repository/com/google/api-client/google-api-client-gson/1.30.1/google-api-client-gson-1.30.1.jar:/Users/rikinparekh/.m2/repository/com/google/http-client/google-http-client-gson/1.30.1/google-http-client-gson-1.30.1.jar:/Users/rikinparekh/.m2/repository/com/google/http-client/google-http-client/1.30.1/google-http-client-1.30.1.jar:/Users/rikinparekh/.m2/repository/org/apache/httpcomponents/httpclient/4.5.14/httpclient-4.5.14.jar:/Users/rikinparekh/.m2/repository/org/apache/httpcomponents/httpcore/4.4.16/httpcore-4.4.16.jar:/Users/rikinparekh/.m2/repository/commons-codec/commons-codec/1.15/commons-codec-1.15.jar:/Users/rikinparekh/.m2/repository/com/google/code/findbugs/jsr305/3.0.2/jsr305-3.0.2.jar:/Users/rikinparekh/.m2/repository/com/google/j2objc/j2objc-annotations/1.3/j2objc-annotations-1.3.jar:/Users/rikinparekh/.m2/repository/io/opencensus/opencensus-api/0.21.0/opencensus-api-0.21.0.jar:/Users/rikinparekh/.m2/repository/io/grpc/grpc-context/1.19.0/grpc-context-1.19.0.jar:/Users/rikinparekh/.m2/repository/io/opencensus/opencensus-contrib-http-util/0.21.0/opencensus-contrib-http-util-0.21.0.jar:/Users/rikinparekh/.m2/repository/com/google/api/api-common/1.8.1/api-common-1.8.1.jar:/Users/rikinparekh/.m2/repository/javax/annotation/javax.annotation-api/1.3.2/javax.annotation-api-1.3.2.jar:/Users/rikinparekh/.m2/repository/com/google/auth/google-auth-library-oauth2-http/0.17.1/google-auth-library-oauth2-http-0.17.1.jar:/Users/rikinparekh/.m2/repository/com/google/auto/value/auto-value-annotations/1.6.6/auto-value-annotations-1.6.6.jar:/Users/rikinparekh/.m2/repository/com/google/auth/google-auth-library-credentials/0.17.1/google-auth-library-credentials-0.17.1.jar:/Users/rikinparekh/.m2/repository/com/google/cloud/google-cloud-storage/1.91.0/google-cloud-storage-1.91.0.jar:/Users/rikinparekh/.m2/repository/com/google/cloud/google-cloud-core-http/1.90.0/google-cloud-core-http-1.90.0.jar:/Users/rikinparekh/.m2/repository/com/google/cloud/google-cloud-core/1.90.0/google-cloud-core-1.90.0.jar:/Users/rikinparekh/.m2/repository/com/google/api/gax/1.48.1/gax-1.48.1.jar:/Users/rikinparekh/.m2/repository/com/google/protobuf/protobuf-java-util/3.9.1/protobuf-java-util-3.9.1.jar:/Users/rikinparekh/.m2/repository/com/google/errorprone/error_prone_annotations/2.3.2/error_prone_annotations-2.3.2.jar:/Users/rikinparekh/.m2/repository/com/google/api/grpc/proto-google-iam-v1/0.12.0/proto-google-iam-v1-0.12.0.jar:/Users/rikinparekh/.m2/repository/com/google/http-client/google-http-client-appengine/1.31.0/google-http-client-appengine-1.31.0.jar:/Users/rikinparekh/.m2/repository/com/google/api/gax-httpjson/0.65.1/gax-httpjson-0.65.1.jar:/Users/rikinparekh/.m2/repository/org/threeten/threetenbp/1.3.3/threetenbp-1.3.3.jar:/Users/rikinparekh/.m2/repository/com/google/apis/google-api-services-storage/v1-rev20190624-1.30.1/google-api-services-storage-v1-rev20190624-1.30.1.jar:/Users/rikinparekh/.m2/repository/com/google/cloud/google-cloud-firestore/1.21.0/google-cloud-firestore-1.21.0.jar:/Users/rikinparekh/.m2/repository/com/google/cloud/google-cloud-core-grpc/1.90.0/google-cloud-core-grpc-1.90.0.jar:/Users/rikinparekh/.m2/repository/com/google/api/gax-grpc/1.48.1/gax-grpc-1.48.1.jar:/Users/rikinparekh/.m2/repository/io/grpc/grpc-stub/1.23.0/grpc-stub-1.23.0.jar:/Users/rikinparekh/.m2/repository/io/grpc/grpc-api/1.23.0/grpc-api-1.23.0.jar:/Users/rikinparekh/.m2/repository/io/grpc/grpc-auth/1.23.0/grpc-auth-1.23.0.jar:/Users/rikinparekh/.m2/repository/io/grpc/grpc-protobuf/1.23.0/grpc-protobuf-1.23.0.jar:/Users/rikinparekh/.m2/repository/io/grpc/grpc-protobuf-lite/1.23.0/grpc-protobuf-lite-1.23.0.jar:/Users/rikinparekh/.m2/repository/io/grpc/grpc-netty-shaded/1.23.0/grpc-netty-shaded-1.23.0.jar:/Users/rikinparekh/.m2/repository/io/grpc/grpc-core/1.23.0/grpc-core-1.23.0.jar:/Users/rikinparekh/.m2/repository/com/google/android/annotations/4.1.1.4/annotations-4.1.1.4.jar:/Users/rikinparekh/.m2/repository/io/perfmark/perfmark-api/0.17.0/perfmark-api-0.17.0.jar:/Users/rikinparekh/.m2/repository/io/opencensus/opencensus-contrib-grpc-metrics/0.21.0/opencensus-contrib-grpc-metrics-0.21.0.jar:/Users/rikinparekh/.m2/repository/io/grpc/grpc-alts/1.23.0/grpc-alts-1.23.0.jar:/Users/rikinparekh/.m2/repository/io/grpc/grpc-grpclb/1.23.0/grpc-grpclb-1.23.0.jar:/Users/rikinparekh/.m2/repository/org/apache/commons/commons-lang3/3.12.0/commons-lang3-3.12.0.jar:/Users/rikinparekh/.m2/repository/com/google/api/grpc/proto-google-cloud-firestore-admin-v1/1.21.0/proto-google-cloud-firestore-admin-v1-1.21.0.jar:/Users/rikinparekh/.m2/repository/com/google/protobuf/protobuf-java/3.9.1/protobuf-java-3.9.1.jar:/Users/rikinparekh/.m2/repository/com/google/api/grpc/proto-google-common-protos/1.16.0/proto-google-common-protos-1.16.0.jar:/Users/rikinparekh/.m2/repository/com/google/api/grpc/proto-google-cloud-firestore-v1/1.21.0/proto-google-cloud-firestore-v1-1.21.0.jar:/Users/rikinparekh/.m2/repository/com/google/api/grpc/proto-google-cloud-firestore-v1beta1/0.74.0/proto-google-cloud-firestore-v1beta1-0.74.0.jar:/Users/rikinparekh/.m2/repository/io/opencensus/opencensus-contrib-grpc-util/0.23.0/opencensus-contrib-grpc-util-0.23.0.jar:/Users/rikinparekh/.m2/repository/com/google/guava/guava/26.0-android/guava-26.0-android.jar:/Users/rikinparekh/.m2/repository/org/checkerframework/checker-compat-qual/2.5.2/checker-compat-qual-2.5.2.jar:/Users/rikinparekh/.m2/repository/org/codehaus/mojo/animal-sniffer-annotations/1.14/animal-sniffer-annotations-1.14.jar:/Users/rikinparekh/.m2/repository/io/netty/netty-codec-http/4.1.90.Final/netty-codec-http-4.1.90.Final.jar:/Users/rikinparekh/.m2/repository/io/netty/netty-buffer/4.1.90.Final/netty-buffer-4.1.90.Final.jar:/Users/rikinparekh/.m2/repository/io/netty/netty-codec/4.1.90.Final/netty-codec-4.1.90.Final.jar:/Users/rikinparekh/.m2/repository/io/netty/netty-handler/4.1.90.Final/netty-handler-4.1.90.Final.jar:/Users/rikinparekh/.m2/repository/io/netty/netty-resolver/4.1.90.Final/netty-resolver-4.1.90.Final.jar:/Users/rikinparekh/.m2/repository/io/netty/netty-transport-native-unix-common/4.1.90.Final/netty-transport-native-unix-common-4.1.90.Final.jar:/Users/rikinparekh/.m2/repository/io/netty/netty-transport/4.1.90.Final/netty-transport-4.1.90.Final.jar:"/>
    <property name="sun.cpu.endian" value="little"/>
    <property name="user.home" value="/Users/rikinparekh"/>
    <property name="user.language" value="en"/>
    <property name="java.specification.vendor" value="Oracle Corporation"/>
    <property name="java.version.date" value="2023-01-17"/>
    <property name="java.home" value="/Users/rikinparekh/.sdkman/candidates/java/17.0.6-amzn"/>
    <property name="file.separator" value="/"/>
    <property name="basedir" value="/Users/rikinparekh/Desktop/NEU/INFO6350/MIC-IOS-Final-Project/backend"/>
    <property name="java.vm.compressedOopsMode" value="Zero based"/>
    <property name="line.separator" value="&#10;"/>
    <property name="java.specification.name" value="Java Platform API Specification"/>
    <property name="java.vm.specification.vendor" value="Oracle Corporation"/>
    <property name="surefire.real.class.path" value="/Users/rikinparekh/Desktop/NEU/INFO6350/MIC-IOS-Final-Project/backend/target/surefire/surefirebooter1931453108579915716.jar"/>
    <property name="sun.management.compiler" value="HotSpot 64-Bit Tiered Compilers"/>
    <property name="ftp.nonProxyHosts" value="local|*.local|169.254/16|*.169.254/16"/>
    <property name="java.runtime.version" value="17.0.6+10-LTS"/>
    <property name="user.name" value="rikinparekh"/>
    <property name="path.separator" value=":"/>
    <property name="os.version" value="13.3"/>
    <property name="java.runtime.name" value="OpenJDK Runtime Environment"/>
    <property name="file.encoding" value="UTF-8"/>
    <property name="java.vm.name" value="OpenJDK 64-Bit Server VM"/>
    <property name="java.vendor.version" value="Corretto-17.0.6.10.1"/>
    <property name="localRepository" value="/Users/rikinparekh/.m2/repository"/>
    <property name="java.vendor.url.bug" value="https://github.com/corretto/corretto-17/issues/"/>
    <property name="java.io.tmpdir" value="/var/folders/ws/_456j0s96wb9nhyn1_w62jy40000gn/T/"/>
    <property name="java.version" value="17.0.6"/>
    <property name="user.dir" value="/Users/rikinparekh/Desktop/NEU/INFO6350/MIC-IOS-Final-Project/backend"/>
    <property name="os.arch" value="x86_64"/>
    <property name="java.vm.specification.name" value="Java Virtual Machine Specification"/>
    <property name="native.encoding" value="UTF-8"/>
    <property name="java.library.path" value="/Users/rikinparekh/Library/Java/Extensions:/Library/Java/Extensions:/Network/Library/Java/Extensions:/System/Library/Java/Extensions:/usr/lib/java:."/>
    <property name="java.vm.info" value="mixed mode, sharing"/>
    <property name="java.vendor" value="Amazon.com Inc."/>
    <property name="java.vm.version" value="17.0.6+10-LTS"/>
    <property name="sun.io.unicode.encoding" value="UnicodeBig"/>
    <property name="socksNonProxyHosts" value="local|*.local|169.254/16|*.169.254/16"/>
    <property name="java.class.version" value="61.0"/>
  </properties>
  <testcase name="contextLoads" classname="com.info6350.openmic.OpenmicApplicationTests" time="0.42"/>
</testsuite>